<?xml version="1.0" encoding="UTF-8"?>
<testsuite xmlns:xsi="http://www.w3.org/2001/XMLSchema-instance" xsi:noNamespaceSchemaLocation="https://maven.apache.org/surefire/maven-surefire-plugin/xsd/surefire-test-report.xsd" name="com.geekbang.AppTest" time="0.469" tests="1" errors="0" skipped="0" failures="0">
  <properties>
    <property name="java.specification.version" value="16"/>
    <property name="sun.cpu.isalist" value="amd64"/>
    <property name="sun.jnu.encoding" value="GBK"/>
    <property name="java.class.path" value="C:\my_repo_root\Temp\Hbase\hbase\target\test-classes;C:\my_repo_root\Temp\Hbase\hbase\target\classes;C:\ProgramData\Apache\Maven\repository\junit\junit\4.11\junit-4.11.jar;C:\ProgramData\Apache\Maven\repository\org\hamcrest\hamcrest-core\1.3\hamcrest-core-1.3.jar;C:\ProgramData\Apache\Maven\repository\org\apache\hadoop\hadoop-common\3.3.3\hadoop-common-3.3.3.jar;C:\ProgramData\Apache\Maven\repository\org\apache\hadoop\thirdparty\hadoop-shaded-protobuf_3_7\1.1.1\hadoop-shaded-protobuf_3_7-1.1.1.jar;C:\ProgramData\Apache\Maven\repository\org\apache\hadoop\hadoop-annotations\3.3.3\hadoop-annotations-3.3.3.jar;C:\ProgramData\Apache\Maven\repository\org\apache\hadoop\thirdparty\hadoop-shaded-guava\1.1.1\hadoop-shaded-guava-1.1.1.jar;C:\ProgramData\Apache\Maven\repository\com\google\guava\guava\27.0-jre\guava-27.0-jre.jar;C:\ProgramData\Apache\Maven\repository\com\google\guava\failureaccess\1.0\failureaccess-1.0.jar;C:\ProgramData\Apache\Maven\repository\com\google\guava\listenablefuture\9999.0-empty-to-avoid-conflict-with-guava\listenablefuture-9999.0-empty-to-avoid-conflict-with-guava.jar;C:\ProgramData\Apache\Maven\repository\org\checkerframework\checker-qual\2.5.2\checker-qual-2.5.2.jar;C:\ProgramData\Apache\Maven\repository\com\google\j2objc\j2objc-annotations\1.1\j2objc-annotations-1.1.jar;C:\ProgramData\Apache\Maven\repository\org\codehaus\mojo\animal-sniffer-annotations\1.17\animal-sniffer-annotations-1.17.jar;C:\ProgramData\Apache\Maven\repository\commons-cli\commons-cli\1.2\commons-cli-1.2.jar;C:\ProgramData\Apache\Maven\repository\org\apache\commons\commons-math3\3.1.1\commons-math3-3.1.1.jar;C:\ProgramData\Apache\Maven\repository\org\apache\httpcomponents\httpclient\4.5.13\httpclient-4.5.13.jar;C:\ProgramData\Apache\Maven\repository\org\apache\httpcomponents\httpcore\4.4.13\httpcore-4.4.13.jar;C:\ProgramData\Apache\Maven\repository\commons-codec\commons-codec\1.15\commons-codec-1.15.jar;C:\ProgramData\Apache\Maven\repository\commons-io\commons-io\2.8.0\commons-io-2.8.0.jar;C:\ProgramData\Apache\Maven\repository\commons-net\commons-net\3.6\commons-net-3.6.jar;C:\ProgramData\Apache\Maven\repository\commons-collections\commons-collections\3.2.2\commons-collections-3.2.2.jar;C:\ProgramData\Apache\Maven\repository\javax\servlet\javax.servlet-api\3.1.0\javax.servlet-api-3.1.0.jar;C:\ProgramData\Apache\Maven\repository\jakarta\activation\jakarta.activation-api\1.2.1\jakarta.activation-api-1.2.1.jar;C:\ProgramData\Apache\Maven\repository\org\eclipse\jetty\jetty-server\9.4.43.v20210629\jetty-server-9.4.43.v20210629.jar;C:\ProgramData\Apache\Maven\repository\org\eclipse\jetty\jetty-http\9.4.43.v20210629\jetty-http-9.4.43.v20210629.jar;C:\ProgramData\Apache\Maven\repository\org\eclipse\jetty\jetty-io\9.4.43.v20210629\jetty-io-9.4.43.v20210629.jar;C:\ProgramData\Apache\Maven\repository\org\eclipse\jetty\jetty-util\9.4.43.v20210629\jetty-util-9.4.43.v20210629.jar;C:\ProgramData\Apache\Maven\repository\org\eclipse\jetty\jetty-servlet\9.4.43.v20210629\jetty-servlet-9.4.43.v20210629.jar;C:\ProgramData\Apache\Maven\repository\org\eclipse\jetty\jetty-security\9.4.43.v20210629\jetty-security-9.4.43.v20210629.jar;C:\ProgramData\Apache\Maven\repository\org\eclipse\jetty\jetty-webapp\9.4.43.v20210629\jetty-webapp-9.4.43.v20210629.jar;C:\ProgramData\Apache\Maven\repository\org\eclipse\jetty\jetty-xml\9.4.43.v20210629\jetty-xml-9.4.43.v20210629.jar;C:\ProgramData\Apache\Maven\repository\javax\servlet\jsp\jsp-api\2.1\jsp-api-2.1.jar;C:\ProgramData\Apache\Maven\repository\com\sun\jersey\jersey-core\1.19\jersey-core-1.19.jar;C:\ProgramData\Apache\Maven\repository\javax\ws\rs\jsr311-api\1.1.1\jsr311-api-1.1.1.jar;C:\ProgramData\Apache\Maven\repository\com\sun\jersey\jersey-servlet\1.19\jersey-servlet-1.19.jar;C:\ProgramData\Apache\Maven\repository\com\sun\jersey\jersey-json\1.19\jersey-json-1.19.jar;C:\ProgramData\Apache\Maven\repository\org\codehaus\jettison\jettison\1.1\jettison-1.1.jar;C:\ProgramData\Apache\Maven\repository\com\sun\xml\bind\jaxb-impl\2.2.3-1\jaxb-impl-2.2.3-1.jar;C:\ProgramData\Apache\Maven\repository\org\codehaus\jackson\jackson-core-asl\1.9.2\jackson-core-asl-1.9.2.jar;C:\ProgramData\Apache\Maven\repository\org\codehaus\jackson\jackson-mapper-asl\1.9.2\jackson-mapper-asl-1.9.2.jar;C:\ProgramData\Apache\Maven\repository\org\codehaus\jackson\jackson-jaxrs\1.9.2\jackson-jaxrs-1.9.2.jar;C:\ProgramData\Apache\Maven\repository\org\codehaus\jackson\jackson-xc\1.9.2\jackson-xc-1.9.2.jar;C:\ProgramData\Apache\Maven\repository\com\sun\jersey\jersey-server\1.19\jersey-server-1.19.jar;C:\ProgramData\Apache\Maven\repository\commons-logging\commons-logging\1.1.3\commons-logging-1.1.3.jar;C:\ProgramData\Apache\Maven\repository\ch\qos\reload4j\reload4j\1.2.18.3\reload4j-1.2.18.3.jar;C:\ProgramData\Apache\Maven\repository\commons-beanutils\commons-beanutils\1.9.4\commons-beanutils-1.9.4.jar;C:\ProgramData\Apache\Maven\repository\org\apache\commons\commons-configuration2\2.1.1\commons-configuration2-2.1.1.jar;C:\ProgramData\Apache\Maven\repository\org\apache\commons\commons-lang3\3.12.0\commons-lang3-3.12.0.jar;C:\ProgramData\Apache\Maven\repository\org\apache\commons\commons-text\1.4\commons-text-1.4.jar;C:\ProgramData\Apache\Maven\repository\org\slf4j\slf4j-api\1.7.36\slf4j-api-1.7.36.jar;C:\ProgramData\Apache\Maven\repository\org\slf4j\slf4j-reload4j\1.7.36\slf4j-reload4j-1.7.36.jar;C:\ProgramData\Apache\Maven\repository\org\apache\avro\avro\1.7.7\avro-1.7.7.jar;C:\ProgramData\Apache\Maven\repository\com\thoughtworks\paranamer\paranamer\2.3\paranamer-2.3.jar;C:\ProgramData\Apache\Maven\repository\com\google\re2j\re2j\1.1\re2j-1.1.jar;C:\ProgramData\Apache\Maven\repository\com\google\protobuf\protobuf-java\2.5.0\protobuf-java-2.5.0.jar;C:\ProgramData\Apache\Maven\repository\com\google\code\gson\gson\2.8.9\gson-2.8.9.jar;C:\ProgramData\Apache\Maven\repository\org\apache\hadoop\hadoop-auth\3.3.3\hadoop-auth-3.3.3.jar;C:\ProgramData\Apache\Maven\repository\com\nimbusds\nimbus-jose-jwt\9.8.1\nimbus-jose-jwt-9.8.1.jar;C:\ProgramData\Apache\Maven\repository\com\github\stephenc\jcip\jcip-annotations\1.0-1\jcip-annotations-1.0-1.jar;C:\ProgramData\Apache\Maven\repository\net\minidev\json-smart\2.4.7\json-smart-2.4.7.jar;C:\ProgramData\Apache\Maven\repository\net\minidev\accessors-smart\2.4.7\accessors-smart-2.4.7.jar;C:\ProgramData\Apache\Maven\repository\org\ow2\asm\asm\9.1\asm-9.1.jar;C:\ProgramData\Apache\Maven\repository\org\apache\curator\curator-framework\4.2.0\curator-framework-4.2.0.jar;C:\ProgramData\Apache\Maven\repository\org\apache\kerby\kerb-simplekdc\1.0.1\kerb-simplekdc-1.0.1.jar;C:\ProgramData\Apache\Maven\repository\org\apache\kerby\kerb-client\1.0.1\kerb-client-1.0.1.jar;C:\ProgramData\Apache\Maven\repository\org\apache\kerby\kerby-config\1.0.1\kerby-config-1.0.1.jar;C:\ProgramData\Apache\Maven\repository\org\apache\kerby\kerb-common\1.0.1\kerb-common-1.0.1.jar;C:\ProgramData\Apache\Maven\repository\org\apache\kerby\kerb-crypto\1.0.1\kerb-crypto-1.0.1.jar;C:\ProgramData\Apache\Maven\repository\org\apache\kerby\kerb-util\1.0.1\kerb-util-1.0.1.jar;C:\ProgramData\Apache\Maven\repository\org\apache\kerby\token-provider\1.0.1\token-provider-1.0.1.jar;C:\ProgramData\Apache\Maven\repository\org\apache\kerby\kerb-admin\1.0.1\kerb-admin-1.0.1.jar;C:\ProgramData\Apache\Maven\repository\org\apache\kerby\kerb-server\1.0.1\kerb-server-1.0.1.jar;C:\ProgramData\Apache\Maven\repository\org\apache\kerby\kerb-identity\1.0.1\kerb-identity-1.0.1.jar;C:\ProgramData\Apache\Maven\repository\org\apache\kerby\kerby-xdr\1.0.1\kerby-xdr-1.0.1.jar;C:\ProgramData\Apache\Maven\repository\com\jcraft\jsch\0.1.55\jsch-0.1.55.jar;C:\ProgramData\Apache\Maven\repository\org\apache\curator\curator-client\4.2.0\curator-client-4.2.0.jar;C:\ProgramData\Apache\Maven\repository\org\apache\curator\curator-recipes\4.2.0\curator-recipes-4.2.0.jar;C:\ProgramData\Apache\Maven\repository\com\google\code\findbugs\jsr305\3.0.2\jsr305-3.0.2.jar;C:\ProgramData\Apache\Maven\repository\org\apache\zookeeper\zookeeper\3.5.6\zookeeper-3.5.6.jar;C:\ProgramData\Apache\Maven\repository\org\apache\zookeeper\zookeeper-jute\3.5.6\zookeeper-jute-3.5.6.jar;C:\ProgramData\Apache\Maven\repository\io\netty\netty-handler\4.1.42.Final\netty-handler-4.1.42.Final.jar;C:\ProgramData\Apache\Maven\repository\io\netty\netty-common\4.1.42.Final\netty-common-4.1.42.Final.jar;C:\ProgramData\Apache\Maven\repository\io\netty\netty-buffer\4.1.42.Final\netty-buffer-4.1.42.Final.jar;C:\ProgramData\Apache\Maven\repository\io\netty\netty-transport\4.1.42.Final\netty-transport-4.1.42.Final.jar;C:\ProgramData\Apache\Maven\repository\io\netty\netty-resolver\4.1.42.Final\netty-resolver-4.1.42.Final.jar;C:\ProgramData\Apache\Maven\repository\io\netty\netty-codec\4.1.42.Final\netty-codec-4.1.42.Final.jar;C:\ProgramData\Apache\Maven\repository\io\netty\netty-transport-native-epoll\4.1.42.Final\netty-transport-native-epoll-4.1.42.Final.jar;C:\ProgramData\Apache\Maven\repository\io\netty\netty-transport-native-unix-common\4.1.42.Final\netty-transport-native-unix-common-4.1.42.Final.jar;C:\ProgramData\Apache\Maven\repository\org\slf4j\slf4j-log4j12\1.7.25\slf4j-log4j12-1.7.25.jar;C:\ProgramData\Apache\Maven\repository\log4j\log4j\1.2.17\log4j-1.2.17.jar;C:\ProgramData\Apache\Maven\repository\org\apache\commons\commons-compress\1.21\commons-compress-1.21.jar;C:\ProgramData\Apache\Maven\repository\org\apache\kerby\kerb-core\1.0.1\kerb-core-1.0.1.jar;C:\ProgramData\Apache\Maven\repository\org\apache\kerby\kerby-pkix\1.0.1\kerby-pkix-1.0.1.jar;C:\ProgramData\Apache\Maven\repository\org\apache\kerby\kerby-asn1\1.0.1\kerby-asn1-1.0.1.jar;C:\ProgramData\Apache\Maven\repository\org\apache\kerby\kerby-util\1.0.1\kerby-util-1.0.1.jar;C:\ProgramData\Apache\Maven\repository\com\fasterxml\jackson\core\jackson-databind\2.13.2.2\jackson-databind-2.13.2.2.jar;C:\ProgramData\Apache\Maven\repository\com\fasterxml\jackson\core\jackson-core\2.13.2\jackson-core-2.13.2.jar;C:\ProgramData\Apache\Maven\repository\org\codehaus\woodstox\stax2-api\4.2.1\stax2-api-4.2.1.jar;C:\ProgramData\Apache\Maven\repository\com\fasterxml\woodstox\woodstox-core\5.3.0\woodstox-core-5.3.0.jar;C:\ProgramData\Apache\Maven\repository\dnsjava\dnsjava\2.1.7\dnsjava-2.1.7.jar;C:\ProgramData\Apache\Maven\repository\org\xerial\snappy\snappy-java\1.1.8.2\snappy-java-1.1.8.2.jar;C:\ProgramData\Apache\Maven\repository\org\apache\hadoop\hadoop-hdfs\3.3.3\hadoop-hdfs-3.3.3.jar;C:\ProgramData\Apache\Maven\repository\org\eclipse\jetty\jetty-util-ajax\9.4.43.v20210629\jetty-util-ajax-9.4.43.v20210629.jar;C:\ProgramData\Apache\Maven\repository\commons-daemon\commons-daemon\1.0.13\commons-daemon-1.0.13.jar;C:\ProgramData\Apache\Maven\repository\io\netty\netty\3.10.6.Final\netty-3.10.6.Final.jar;C:\ProgramData\Apache\Maven\repository\io\netty\netty-all\4.1.68.Final\netty-all-4.1.68.Final.jar;C:\ProgramData\Apache\Maven\repository\org\fusesource\leveldbjni\leveldbjni-all\1.8\leveldbjni-all-1.8.jar;C:\ProgramData\Apache\Maven\repository\org\apache\hadoop\hadoop-yarn-api\3.3.3\hadoop-yarn-api-3.3.3.jar;C:\ProgramData\Apache\Maven\repository\javax\xml\bind\jaxb-api\2.2.11\jaxb-api-2.2.11.jar;C:\ProgramData\Apache\Maven\repository\com\fasterxml\jackson\core\jackson-annotations\2.13.2\jackson-annotations-2.13.2.jar;C:\ProgramData\Apache\Maven\repository\javax\ws\rs\javax.ws.rs-api\2.1.1\javax.ws.rs-api-2.1.1.jar;C:\ProgramData\Apache\Maven\repository\org\apache\hadoop\hadoop-client-api\3.3.3\hadoop-client-api-3.3.3.jar;C:\ProgramData\Apache\Maven\repository\org\apache\hbase\hbase-client\2.3.4\hbase-client-2.3.4.jar;C:\ProgramData\Apache\Maven\repository\org\apache\hbase\thirdparty\hbase-shaded-protobuf\3.3.0\hbase-shaded-protobuf-3.3.0.jar;C:\ProgramData\Apache\Maven\repository\org\apache\hbase\hbase-common\2.3.4\hbase-common-2.3.4.jar;C:\ProgramData\Apache\Maven\repository\org\apache\hbase\hbase-logging\2.3.4\hbase-logging-2.3.4.jar;C:\ProgramData\Apache\Maven\repository\org\apache\hbase\thirdparty\hbase-shaded-gson\3.3.0\hbase-shaded-gson-3.3.0.jar;C:\ProgramData\Apache\Maven\repository\org\apache\hbase\hbase-hadoop-compat\2.3.4\hbase-hadoop-compat-2.3.4.jar;C:\ProgramData\Apache\Maven\repository\org\apache\hbase\hbase-metrics-api\2.3.4\hbase-metrics-api-2.3.4.jar;C:\ProgramData\Apache\Maven\repository\org\apache\hbase\hbase-hadoop2-compat\2.3.4\hbase-hadoop2-compat-2.3.4.jar;C:\ProgramData\Apache\Maven\repository\org\apache\hbase\hbase-metrics\2.3.4\hbase-metrics-2.3.4.jar;C:\ProgramData\Apache\Maven\repository\javax\activation\javax.activation-api\1.2.0\javax.activation-api-1.2.0.jar;C:\ProgramData\Apache\Maven\repository\org\apache\hbase\hbase-protocol-shaded\2.3.4\hbase-protocol-shaded-2.3.4.jar;C:\ProgramData\Apache\Maven\repository\org\apache\hbase\hbase-protocol\2.3.4\hbase-protocol-2.3.4.jar;C:\ProgramData\Apache\Maven\repository\javax\annotation\javax.annotation-api\1.2\javax.annotation-api-1.2.jar;C:\ProgramData\Apache\Maven\repository\org\apache\hbase\thirdparty\hbase-shaded-miscellaneous\3.3.0\hbase-shaded-miscellaneous-3.3.0.jar;C:\ProgramData\Apache\Maven\repository\com\google\errorprone\error_prone_annotations\2.3.4\error_prone_annotations-2.3.4.jar;C:\ProgramData\Apache\Maven\repository\org\apache\hbase\thirdparty\hbase-shaded-netty\3.3.0\hbase-shaded-netty-3.3.0.jar;C:\ProgramData\Apache\Maven\repository\org\apache\htrace\htrace-core4\4.2.0-incubating\htrace-core4-4.2.0-incubating.jar;C:\ProgramData\Apache\Maven\repository\org\jruby\jcodings\jcodings\1.0.18\jcodings-1.0.18.jar;C:\ProgramData\Apache\Maven\repository\org\jruby\joni\joni\2.1.11\joni-2.1.11.jar;C:\ProgramData\Apache\Maven\repository\io\dropwizard\metrics\metrics-core\3.2.6\metrics-core-3.2.6.jar;C:\ProgramData\Apache\Maven\repository\org\apache\commons\commons-crypto\1.0.0\commons-crypto-1.0.0.jar;C:\ProgramData\Apache\Maven\repository\org\apache\yetus\audience-annotations\0.5.0\audience-annotations-0.5.0.jar;"/>
    <property name="java.vm.vendor" value="Oracle Corporation"/>
    <property name="sun.arch.data.model" value="64"/>
    <property name="user.variant" value=""/>
    <property name="java.vendor.url" value="https://java.oracle.com/"/>
    <property name="user.timezone" value="Asia/Shanghai"/>
    <property name="os.name" value="Windows 10"/>
    <property name="java.vm.specification.version" value="16"/>
    <property name="sun.java.launcher" value="SUN_STANDARD"/>
    <property name="user.country" value="CN"/>
    <property name="sun.boot.library.path" value="C:\Program Files\Java\jdk-16.0.1\bin"/>
    <property name="sun.java.command" value="C:\Users\36910\AppData\Local\Temp\surefire10793428922940887606\surefirebooter5539921445008404835.jar C:\Users\36910\AppData\Local\Temp\surefire10793428922940887606 2022-07-24T20-05-32_629-jvmRun1 surefire14627850728930839674tmp surefire_0355539909270345492tmp"/>
    <property name="jdk.debug" value="release"/>
    <property name="surefire.test.class.path" value="C:\my_repo_root\Temp\Hbase\hbase\target\test-classes;C:\my_repo_root\Temp\Hbase\hbase\target\classes;C:\ProgramData\Apache\Maven\repository\junit\junit\4.11\junit-4.11.jar;C:\ProgramData\Apache\Maven\repository\org\hamcrest\hamcrest-core\1.3\hamcrest-core-1.3.jar;C:\ProgramData\Apache\Maven\repository\org\apache\hadoop\hadoop-common\3.3.3\hadoop-common-3.3.3.jar;C:\ProgramData\Apache\Maven\repository\org\apache\hadoop\thirdparty\hadoop-shaded-protobuf_3_7\1.1.1\hadoop-shaded-protobuf_3_7-1.1.1.jar;C:\ProgramData\Apache\Maven\repository\org\apache\hadoop\hadoop-annotations\3.3.3\hadoop-annotations-3.3.3.jar;C:\ProgramData\Apache\Maven\repository\org\apache\hadoop\thirdparty\hadoop-shaded-guava\1.1.1\hadoop-shaded-guava-1.1.1.jar;C:\ProgramData\Apache\Maven\repository\com\google\guava\guava\27.0-jre\guava-27.0-jre.jar;C:\ProgramData\Apache\Maven\repository\com\google\guava\failureaccess\1.0\failureaccess-1.0.jar;C:\ProgramData\Apache\Maven\repository\com\google\guava\listenablefuture\9999.0-empty-to-avoid-conflict-with-guava\listenablefuture-9999.0-empty-to-avoid-conflict-with-guava.jar;C:\ProgramData\Apache\Maven\repository\org\checkerframework\checker-qual\2.5.2\checker-qual-2.5.2.jar;C:\ProgramData\Apache\Maven\repository\com\google\j2objc\j2objc-annotations\1.1\j2objc-annotations-1.1.jar;C:\ProgramData\Apache\Maven\repository\org\codehaus\mojo\animal-sniffer-annotations\1.17\animal-sniffer-annotations-1.17.jar;C:\ProgramData\Apache\Maven\repository\commons-cli\commons-cli\1.2\commons-cli-1.2.jar;C:\ProgramData\Apache\Maven\repository\org\apache\commons\commons-math3\3.1.1\commons-math3-3.1.1.jar;C:\ProgramData\Apache\Maven\repository\org\apache\httpcomponents\httpclient\4.5.13\httpclient-4.5.13.jar;C:\ProgramData\Apache\Maven\repository\org\apache\httpcomponents\httpcore\4.4.13\httpcore-4.4.13.jar;C:\ProgramData\Apache\Maven\repository\commons-codec\commons-codec\1.15\commons-codec-1.15.jar;C:\ProgramData\Apache\Maven\repository\commons-io\commons-io\2.8.0\commons-io-2.8.0.jar;C:\ProgramData\Apache\Maven\repository\commons-net\commons-net\3.6\commons-net-3.6.jar;C:\ProgramData\Apache\Maven\repository\commons-collections\commons-collections\3.2.2\commons-collections-3.2.2.jar;C:\ProgramData\Apache\Maven\repository\javax\servlet\javax.servlet-api\3.1.0\javax.servlet-api-3.1.0.jar;C:\ProgramData\Apache\Maven\repository\jakarta\activation\jakarta.activation-api\1.2.1\jakarta.activation-api-1.2.1.jar;C:\ProgramData\Apache\Maven\repository\org\eclipse\jetty\jetty-server\9.4.43.v20210629\jetty-server-9.4.43.v20210629.jar;C:\ProgramData\Apache\Maven\repository\org\eclipse\jetty\jetty-http\9.4.43.v20210629\jetty-http-9.4.43.v20210629.jar;C:\ProgramData\Apache\Maven\repository\org\eclipse\jetty\jetty-io\9.4.43.v20210629\jetty-io-9.4.43.v20210629.jar;C:\ProgramData\Apache\Maven\repository\org\eclipse\jetty\jetty-util\9.4.43.v20210629\jetty-util-9.4.43.v20210629.jar;C:\ProgramData\Apache\Maven\repository\org\eclipse\jetty\jetty-servlet\9.4.43.v20210629\jetty-servlet-9.4.43.v20210629.jar;C:\ProgramData\Apache\Maven\repository\org\eclipse\jetty\jetty-security\9.4.43.v20210629\jetty-security-9.4.43.v20210629.jar;C:\ProgramData\Apache\Maven\repository\org\eclipse\jetty\jetty-webapp\9.4.43.v20210629\jetty-webapp-9.4.43.v20210629.jar;C:\ProgramData\Apache\Maven\repository\org\eclipse\jetty\jetty-xml\9.4.43.v20210629\jetty-xml-9.4.43.v20210629.jar;C:\ProgramData\Apache\Maven\repository\javax\servlet\jsp\jsp-api\2.1\jsp-api-2.1.jar;C:\ProgramData\Apache\Maven\repository\com\sun\jersey\jersey-core\1.19\jersey-core-1.19.jar;C:\ProgramData\Apache\Maven\repository\javax\ws\rs\jsr311-api\1.1.1\jsr311-api-1.1.1.jar;C:\ProgramData\Apache\Maven\repository\com\sun\jersey\jersey-servlet\1.19\jersey-servlet-1.19.jar;C:\ProgramData\Apache\Maven\repository\com\sun\jersey\jersey-json\1.19\jersey-json-1.19.jar;C:\ProgramData\Apache\Maven\repository\org\codehaus\jettison\jettison\1.1\jettison-1.1.jar;C:\ProgramData\Apache\Maven\repository\com\sun\xml\bind\jaxb-impl\2.2.3-1\jaxb-impl-2.2.3-1.jar;C:\ProgramData\Apache\Maven\repository\org\codehaus\jackson\jackson-core-asl\1.9.2\jackson-core-asl-1.9.2.jar;C:\ProgramData\Apache\Maven\repository\org\codehaus\jackson\jackson-mapper-asl\1.9.2\jackson-mapper-asl-1.9.2.jar;C:\ProgramData\Apache\Maven\repository\org\codehaus\jackson\jackson-jaxrs\1.9.2\jackson-jaxrs-1.9.2.jar;C:\ProgramData\Apache\Maven\repository\org\codehaus\jackson\jackson-xc\1.9.2\jackson-xc-1.9.2.jar;C:\ProgramData\Apache\Maven\repository\com\sun\jersey\jersey-server\1.19\jersey-server-1.19.jar;C:\ProgramData\Apache\Maven\repository\commons-logging\commons-logging\1.1.3\commons-logging-1.1.3.jar;C:\ProgramData\Apache\Maven\repository\ch\qos\reload4j\reload4j\1.2.18.3\reload4j-1.2.18.3.jar;C:\ProgramData\Apache\Maven\repository\commons-beanutils\commons-beanutils\1.9.4\commons-beanutils-1.9.4.jar;C:\ProgramData\Apache\Maven\repository\org\apache\commons\commons-configuration2\2.1.1\commons-configuration2-2.1.1.jar;C:\ProgramData\Apache\Maven\repository\org\apache\commons\commons-lang3\3.12.0\commons-lang3-3.12.0.jar;C:\ProgramData\Apache\Maven\repository\org\apache\commons\commons-text\1.4\commons-text-1.4.jar;C:\ProgramData\Apache\Maven\repository\org\slf4j\slf4j-api\1.7.36\slf4j-api-1.7.36.jar;C:\ProgramData\Apache\Maven\repository\org\slf4j\slf4j-reload4j\1.7.36\slf4j-reload4j-1.7.36.jar;C:\ProgramData\Apache\Maven\repository\org\apache\avro\avro\1.7.7\avro-1.7.7.jar;C:\ProgramData\Apache\Maven\repository\com\thoughtworks\paranamer\paranamer\2.3\paranamer-2.3.jar;C:\ProgramData\Apache\Maven\repository\com\google\re2j\re2j\1.1\re2j-1.1.jar;C:\ProgramData\Apache\Maven\repository\com\google\protobuf\protobuf-java\2.5.0\protobuf-java-2.5.0.jar;C:\ProgramData\Apache\Maven\repository\com\google\code\gson\gson\2.8.9\gson-2.8.9.jar;C:\ProgramData\Apache\Maven\repository\org\apache\hadoop\hadoop-auth\3.3.3\hadoop-auth-3.3.3.jar;C:\ProgramData\Apache\Maven\repository\com\nimbusds\nimbus-jose-jwt\9.8.1\nimbus-jose-jwt-9.8.1.jar;C:\ProgramData\Apache\Maven\repository\com\github\stephenc\jcip\jcip-annotations\1.0-1\jcip-annotations-1.0-1.jar;C:\ProgramData\Apache\Maven\repository\net\minidev\json-smart\2.4.7\json-smart-2.4.7.jar;C:\ProgramData\Apache\Maven\repository\net\minidev\accessors-smart\2.4.7\accessors-smart-2.4.7.jar;C:\ProgramData\Apache\Maven\repository\org\ow2\asm\asm\9.1\asm-9.1.jar;C:\ProgramData\Apache\Maven\repository\org\apache\curator\curator-framework\4.2.0\curator-framework-4.2.0.jar;C:\ProgramData\Apache\Maven\repository\org\apache\kerby\kerb-simplekdc\1.0.1\kerb-simplekdc-1.0.1.jar;C:\ProgramData\Apache\Maven\repository\org\apache\kerby\kerb-client\1.0.1\kerb-client-1.0.1.jar;C:\ProgramData\Apache\Maven\repository\org\apache\kerby\kerby-config\1.0.1\kerby-config-1.0.1.jar;C:\ProgramData\Apache\Maven\repository\org\apache\kerby\kerb-common\1.0.1\kerb-common-1.0.1.jar;C:\ProgramData\Apache\Maven\repository\org\apache\kerby\kerb-crypto\1.0.1\kerb-crypto-1.0.1.jar;C:\ProgramData\Apache\Maven\repository\org\apache\kerby\kerb-util\1.0.1\kerb-util-1.0.1.jar;C:\ProgramData\Apache\Maven\repository\org\apache\kerby\token-provider\1.0.1\token-provider-1.0.1.jar;C:\ProgramData\Apache\Maven\repository\org\apache\kerby\kerb-admin\1.0.1\kerb-admin-1.0.1.jar;C:\ProgramData\Apache\Maven\repository\org\apache\kerby\kerb-server\1.0.1\kerb-server-1.0.1.jar;C:\ProgramData\Apache\Maven\repository\org\apache\kerby\kerb-identity\1.0.1\kerb-identity-1.0.1.jar;C:\ProgramData\Apache\Maven\repository\org\apache\kerby\kerby-xdr\1.0.1\kerby-xdr-1.0.1.jar;C:\ProgramData\Apache\Maven\repository\com\jcraft\jsch\0.1.55\jsch-0.1.55.jar;C:\ProgramData\Apache\Maven\repository\org\apache\curator\curator-client\4.2.0\curator-client-4.2.0.jar;C:\ProgramData\Apache\Maven\repository\org\apache\curator\curator-recipes\4.2.0\curator-recipes-4.2.0.jar;C:\ProgramData\Apache\Maven\repository\com\google\code\findbugs\jsr305\3.0.2\jsr305-3.0.2.jar;C:\ProgramData\Apache\Maven\repository\org\apache\zookeeper\zookeeper\3.5.6\zookeeper-3.5.6.jar;C:\ProgramData\Apache\Maven\repository\org\apache\zookeeper\zookeeper-jute\3.5.6\zookeeper-jute-3.5.6.jar;C:\ProgramData\Apache\Maven\repository\io\netty\netty-handler\4.1.42.Final\netty-handler-4.1.42.Final.jar;C:\ProgramData\Apache\Maven\repository\io\netty\netty-common\4.1.42.Final\netty-common-4.1.42.Final.jar;C:\ProgramData\Apache\Maven\repository\io\netty\netty-buffer\4.1.42.Final\netty-buffer-4.1.42.Final.jar;C:\ProgramData\Apache\Maven\repository\io\netty\netty-transport\4.1.42.Final\netty-transport-4.1.42.Final.jar;C:\ProgramData\Apache\Maven\repository\io\netty\netty-resolver\4.1.42.Final\netty-resolver-4.1.42.Final.jar;C:\ProgramData\Apache\Maven\repository\io\netty\netty-codec\4.1.42.Final\netty-codec-4.1.42.Final.jar;C:\ProgramData\Apache\Maven\repository\io\netty\netty-transport-native-epoll\4.1.42.Final\netty-transport-native-epoll-4.1.42.Final.jar;C:\ProgramData\Apache\Maven\repository\io\netty\netty-transport-native-unix-common\4.1.42.Final\netty-transport-native-unix-common-4.1.42.Final.jar;C:\ProgramData\Apache\Maven\repository\org\slf4j\slf4j-log4j12\1.7.25\slf4j-log4j12-1.7.25.jar;C:\ProgramData\Apache\Maven\repository\log4j\log4j\1.2.17\log4j-1.2.17.jar;C:\ProgramData\Apache\Maven\repository\org\apache\commons\commons-compress\1.21\commons-compress-1.21.jar;C:\ProgramData\Apache\Maven\repository\org\apache\kerby\kerb-core\1.0.1\kerb-core-1.0.1.jar;C:\ProgramData\Apache\Maven\repository\org\apache\kerby\kerby-pkix\1.0.1\kerby-pkix-1.0.1.jar;C:\ProgramData\Apache\Maven\repository\org\apache\kerby\kerby-asn1\1.0.1\kerby-asn1-1.0.1.jar;C:\ProgramData\Apache\Maven\repository\org\apache\kerby\kerby-util\1.0.1\kerby-util-1.0.1.jar;C:\ProgramData\Apache\Maven\repository\com\fasterxml\jackson\core\jackson-databind\2.13.2.2\jackson-databind-2.13.2.2.jar;C:\ProgramData\Apache\Maven\repository\com\fasterxml\jackson\core\jackson-core\2.13.2\jackson-core-2.13.2.jar;C:\ProgramData\Apache\Maven\repository\org\codehaus\woodstox\stax2-api\4.2.1\stax2-api-4.2.1.jar;C:\ProgramData\Apache\Maven\repository\com\fasterxml\woodstox\woodstox-core\5.3.0\woodstox-core-5.3.0.jar;C:\ProgramData\Apache\Maven\repository\dnsjava\dnsjava\2.1.7\dnsjava-2.1.7.jar;C:\ProgramData\Apache\Maven\repository\org\xerial\snappy\snappy-java\1.1.8.2\snappy-java-1.1.8.2.jar;C:\ProgramData\Apache\Maven\repository\org\apache\hadoop\hadoop-hdfs\3.3.3\hadoop-hdfs-3.3.3.jar;C:\ProgramData\Apache\Maven\repository\org\eclipse\jetty\jetty-util-ajax\9.4.43.v20210629\jetty-util-ajax-9.4.43.v20210629.jar;C:\ProgramData\Apache\Maven\repository\commons-daemon\commons-daemon\1.0.13\commons-daemon-1.0.13.jar;C:\ProgramData\Apache\Maven\repository\io\netty\netty\3.10.6.Final\netty-3.10.6.Final.jar;C:\ProgramData\Apache\Maven\repository\io\netty\netty-all\4.1.68.Final\netty-all-4.1.68.Final.jar;C:\ProgramData\Apache\Maven\repository\org\fusesource\leveldbjni\leveldbjni-all\1.8\leveldbjni-all-1.8.jar;C:\ProgramData\Apache\Maven\repository\org\apache\hadoop\hadoop-yarn-api\3.3.3\hadoop-yarn-api-3.3.3.jar;C:\ProgramData\Apache\Maven\repository\javax\xml\bind\jaxb-api\2.2.11\jaxb-api-2.2.11.jar;C:\ProgramData\Apache\Maven\repository\com\fasterxml\jackson\core\jackson-annotations\2.13.2\jackson-annotations-2.13.2.jar;C:\ProgramData\Apache\Maven\repository\javax\ws\rs\javax.ws.rs-api\2.1.1\javax.ws.rs-api-2.1.1.jar;C:\ProgramData\Apache\Maven\repository\org\apache\hadoop\hadoop-client-api\3.3.3\hadoop-client-api-3.3.3.jar;C:\ProgramData\Apache\Maven\repository\org\apache\hbase\hbase-client\2.3.4\hbase-client-2.3.4.jar;C:\ProgramData\Apache\Maven\repository\org\apache\hbase\thirdparty\hbase-shaded-protobuf\3.3.0\hbase-shaded-protobuf-3.3.0.jar;C:\ProgramData\Apache\Maven\repository\org\apache\hbase\hbase-common\2.3.4\hbase-common-2.3.4.jar;C:\ProgramData\Apache\Maven\repository\org\apache\hbase\hbase-logging\2.3.4\hbase-logging-2.3.4.jar;C:\ProgramData\Apache\Maven\repository\org\apache\hbase\thirdparty\hbase-shaded-gson\3.3.0\hbase-shaded-gson-3.3.0.jar;C:\ProgramData\Apache\Maven\repository\org\apache\hbase\hbase-hadoop-compat\2.3.4\hbase-hadoop-compat-2.3.4.jar;C:\ProgramData\Apache\Maven\repository\org\apache\hbase\hbase-metrics-api\2.3.4\hbase-metrics-api-2.3.4.jar;C:\ProgramData\Apache\Maven\repository\org\apache\hbase\hbase-hadoop2-compat\2.3.4\hbase-hadoop2-compat-2.3.4.jar;C:\ProgramData\Apache\Maven\repository\org\apache\hbase\hbase-metrics\2.3.4\hbase-metrics-2.3.4.jar;C:\ProgramData\Apache\Maven\repository\javax\activation\javax.activation-api\1.2.0\javax.activation-api-1.2.0.jar;C:\ProgramData\Apache\Maven\repository\org\apache\hbase\hbase-protocol-shaded\2.3.4\hbase-protocol-shaded-2.3.4.jar;C:\ProgramData\Apache\Maven\repository\org\apache\hbase\hbase-protocol\2.3.4\hbase-protocol-2.3.4.jar;C:\ProgramData\Apache\Maven\repository\javax\annotation\javax.annotation-api\1.2\javax.annotation-api-1.2.jar;C:\ProgramData\Apache\Maven\repository\org\apache\hbase\thirdparty\hbase-shaded-miscellaneous\3.3.0\hbase-shaded-miscellaneous-3.3.0.jar;C:\ProgramData\Apache\Maven\repository\com\google\errorprone\error_prone_annotations\2.3.4\error_prone_annotations-2.3.4.jar;C:\ProgramData\Apache\Maven\repository\org\apache\hbase\thirdparty\hbase-shaded-netty\3.3.0\hbase-shaded-netty-3.3.0.jar;C:\ProgramData\Apache\Maven\repository\org\apache\htrace\htrace-core4\4.2.0-incubating\htrace-core4-4.2.0-incubating.jar;C:\ProgramData\Apache\Maven\repository\org\jruby\jcodings\jcodings\1.0.18\jcodings-1.0.18.jar;C:\ProgramData\Apache\Maven\repository\org\jruby\joni\joni\2.1.11\joni-2.1.11.jar;C:\ProgramData\Apache\Maven\repository\io\dropwizard\metrics\metrics-core\3.2.6\metrics-core-3.2.6.jar;C:\ProgramData\Apache\Maven\repository\org\apache\commons\commons-crypto\1.0.0\commons-crypto-1.0.0.jar;C:\ProgramData\Apache\Maven\repository\org\apache\yetus\audience-annotations\0.5.0\audience-annotations-0.5.0.jar;"/>
    <property name="sun.cpu.endian" value="little"/>
    <property name="user.home" value="C:\Users\36910"/>
    <property name="user.language" value="zh"/>
    <property name="java.specification.vendor" value="Oracle Corporation"/>
    <property name="java.version.date" value="2021-04-20"/>
    <property name="java.home" value="C:\Program Files\Java\jdk-16.0.1"/>
    <property name="file.separator" value="\"/>
    <property name="basedir" value="C:\my_repo_root\Temp\Hbase\hbase"/>
    <property name="java.vm.compressedOopsMode" value="32-bit"/>
    <property name="line.separator" value="&#10;"/>
    <property name="java.vm.specification.vendor" value="Oracle Corporation"/>
    <property name="java.specification.name" value="Java Platform API Specification"/>
    <property name="surefire.real.class.path" value="C:\Users\36910\AppData\Local\Temp\surefire10793428922940887606\surefirebooter5539921445008404835.jar"/>
    <property name="user.script" value=""/>
    <property name="sun.management.compiler" value="HotSpot 64-Bit Tiered Compilers"/>
    <property name="java.runtime.version" value="16.0.1+9-24"/>
    <property name="user.name" value="36910"/>
    <property name="path.separator" value=";"/>
    <property name="os.version" value="10.0"/>
    <property name="java.runtime.name" value="Java(TM) SE Runtime Environment"/>
    <property name="file.encoding" value="GBK"/>
    <property name="java.vm.name" value="Java HotSpot(TM) 64-Bit Server VM"/>
    <property name="localRepository" value="C:\ProgramData\Apache\Maven\repository"/>
    <property name="java.vendor.url.bug" value="https://bugreport.java.com/bugreport/"/>
    <property name="java.io.tmpdir" value="C:\Users\36910\AppData\Local\Temp\"/>
    <property name="java.version" value="16.0.1"/>
    <property name="user.dir" value="C:\my_repo_root\Temp\Hbase\hbase"/>
    <property name="os.arch" value="amd64"/>
    <property name="java.vm.specification.name" value="Java Virtual Machine Specification"/>
    <property name="sun.os.patch.level" value=""/>
    <property name="java.library.path" value="C:\Program Files\Java\jdk-16.0.1\bin;C:\Windows\Sun\Java\bin;C:\Windows\system32;C:\Windows;C:\Program Files (x86)\VMware\VMware Workstation\bin\;C:\Program Files\Microsoft MPI\Bin\;C:\Program Files\Common Files\Oracle\Java\javapath;C:\Windows\system32;C:\Windows;C:\Windows\System32\Wbem;C:\Windows\System32\WindowsPowerShell\v1.0\;C:\Windows\System32\OpenSSH\;C:\Program Files\Intel\WiFi\bin\;C:\Program Files\Common Files\Intel\WirelessCommon\;C:\Program Files\nodejs\;C:\Python27;c:\Program Files (x86)\Microsoft SQL Server\90\Tools\binn\;C:\Program Files\Git\cmd;C:\Program Files\Microsoft SQL Server\150\Tools\Binn\;C:\Program Files\Graphviz\bin;C:\Program Files\Docker\Docker\resources\bin;C:\ProgramData\DockerDesktop\version-bin;C:\ProgramData\Apache\Maven\bin\;C:\Program Files\Java\jdk-16.0.1\bin\;C:\Program Files\MySQL\MySQL Shell 8.0\bin\;C:\Users\36910\AppData\Local\Microsoft\WindowsApps;C:\Program Files\Intel\WiFi\bin\;C:\Program Files\Common Files\Intel\WirelessCommon\;C:\Users\36910\AppData\Roaming\npm;C:\Program Files\JetBrains\PyCharm 2021.1.1\bin;C:\Users\36910\AppData\Local\Programs\Microsoft VS Code\bin;C:\Users\36910\.dotnet\tools;C:\Program Files\JetBrains\IntelliJ IDEA Community Edition 2022.1\bin;;."/>
    <property name="java.vm.info" value="mixed mode, sharing"/>
    <property name="java.vendor" value="Oracle Corporation"/>
    <property name="java.vm.version" value="16.0.1+9-24"/>
    <property name="sun.io.unicode.encoding" value="UnicodeLittle"/>
    <property name="java.class.version" value="60.0"/>
  </properties>
  <testcase name="shouldAnswerWithTrue" classname="com.geekbang.AppTest" time="0.011"/>
</testsuite>