<?xml version="1.0" encoding="UTF-8" ?>
<testsuite tests="1" failures="0" name="org.apache.flink.playgrounds.spendreport.SpendReportTest" time="9.562" errors="1" skipped="0">
  <properties>
    <property name="java.runtime.name" value="Java(TM) SE Runtime Environment"/>
    <property name="java.vm.version" value="18.0.2.1+1-1"/>
    <property name="sun.boot.library.path" value="C:\Program Files\Java\jdk-18.0.2.1\bin"/>
    <property name="maven.multiModuleProjectDirectory" value="C:\my_repo_root\Temp\flink-playgrounds\table-walkthrough"/>
    <property name="java.vm.vendor" value="Oracle Corporation"/>
    <property name="java.vendor.url" value="https://java.oracle.com/"/>
    <property name="guice.disable.misplaced.annotation.check" value="true"/>
    <property name="path.separator" value=";"/>
    <property name="java.vm.name" value="Java HotSpot(TM) 64-Bit Server VM"/>
    <property name="sun.os.patch.level" value=""/>
    <property name="user.script" value=""/>
    <property name="user.country" value="CN"/>
    <property name="sun.java.launcher" value="SUN_STANDARD"/>
    <property name="java.vm.specification.name" value="Java Virtual Machine Specification"/>
    <property name="user.dir" value="C:\my_repo_root\Temp\flink-playgrounds\table-walkthrough"/>
    <property name="java.vm.compressedOopsMode" value="32-bit"/>
    <property name="java.runtime.version" value="18.0.2.1+1-1"/>
    <property name="os.arch" value="amd64"/>
    <property name="java.io.tmpdir" value="C:\Users\36910\AppData\Local\Temp\"/>
    <property name="line.separator" value="
"/>
    <property name="java.vm.specification.vendor" value="Oracle Corporation"/>
    <property name="user.variant" value=""/>
    <property name="os.name" value="Windows 10"/>
    <property name="classworlds.conf" value="C:\Program Files\Apache\apache-maven-3.8.6\bin\m2.conf"/>
    <property name="sun.jnu.encoding" value="GBK"/>
    <property name="java.library.path" value="C:\Program Files\Java\jdk-18.0.2.1\bin;C:\Windows\Sun\Java\bin;C:\Windows\system32;C:\Windows;C:\Program Files (x86)\VMware\VMware Workstation\bin\;C:\Program Files\Microsoft MPI\Bin\;C:\Program Files\Common Files\Oracle\Java\javapath;C:\Windows\system32;C:\Windows;C:\Windows\System32\Wbem;C:\Windows\System32\WindowsPowerShell\v1.0\;C:\Windows\System32\OpenSSH\;C:\Program Files\Intel\WiFi\bin\;C:\Program Files\Common Files\Intel\WirelessCommon\;C:\Program Files\Git\cmd;C:\Program Files\Graphviz\bin;C:\Program Files\Docker\Docker\resources\bin;C:\ProgramData\DockerDesktop\version-bin;C:\Program Files\Apache\apache-maven-3.8.6\bin;C:\Program Files\Java\jdk-18.0.2.1\\bin\;C:\Program Files (x86)\scala\bin;C:\Program Files\dotnet\;C:\Program Files\MySQL\MySQL Shell 8.0\bin\;C:\Users\36910\AppData\Local\Microsoft\WindowsApps;C:\Program Files\Intel\WiFi\bin\;C:\Program Files\Common Files\Intel\WirelessCommon\;C:\Program Files\JetBrains\PyCharm 2021.1.1\bin;C:\Users\36910\AppData\Local\Programs\Microsoft VS Code\bin;C:\Users\36910\.dotnet\tools;C:\Program Files\JetBrains\IntelliJ IDEA Community Edition 2022.1\bin;;C:\Program Files (x86)\nengshi_SSL-VPN\bin;."/>
    <property name="maven.conf" value="C:\Program Files\Apache\apache-maven-3.8.6/conf"/>
    <property name="jdk.debug" value="release"/>
    <property name="java.class.version" value="62.0"/>
    <property name="java.specification.name" value="Java Platform API Specification"/>
    <property name="sun.management.compiler" value="HotSpot 64-Bit Tiered Compilers"/>
    <property name="os.version" value="10.0"/>
    <property name="library.jansi.path" value="C:\Program Files\Apache\apache-maven-3.8.6\lib\jansi-native"/>
    <property name="user.home" value="C:\Users\36910"/>
    <property name="user.timezone" value="Asia/Shanghai"/>
    <property name="file.encoding" value="UTF-8"/>
    <property name="java.specification.version" value="18"/>
    <property name="user.name" value="36910"/>
    <property name="java.class.path" value="C:\Program Files\Apache\apache-maven-3.8.6\boot\plexus-classworlds-2.6.0.jar"/>
    <property name="java.vm.specification.version" value="18"/>
    <property name="sun.arch.data.model" value="64"/>
    <property name="sun.java.command" value="org.codehaus.plexus.classworlds.launcher.Launcher clean package -Dspotless.check.skip=true"/>
    <property name="java.home" value="C:\Program Files\Java\jdk-18.0.2.1"/>
    <property name="user.language" value="zh"/>
    <property name="java.specification.vendor" value="Oracle Corporation"/>
    <property name="java.vm.info" value="mixed mode, sharing"/>
    <property name="spotless.check.skip" value="true"/>
    <property name="java.version" value="18.0.2.1"/>
    <property name="native.encoding" value="GBK"/>
    <property name="java.vendor" value="Oracle Corporation"/>
    <property name="sun.stderr.encoding" value="ms936"/>
    <property name="maven.home" value="C:\Program Files\Apache\apache-maven-3.8.6"/>
    <property name="file.separator" value="\"/>
    <property name="java.version.date" value="2022-08-18"/>
    <property name="java.vendor.url.bug" value="https://bugreport.java.com/bugreport/"/>
    <property name="sun.io.unicode.encoding" value="UnicodeLittle"/>
    <property name="sun.cpu.endian" value="little"/>
    <property name="sun.stdout.encoding" value="ms936"/>
    <property name="sun.cpu.isalist" value="amd64"/>
  </properties>
  <testcase classname="org.apache.flink.playgrounds.spendreport.SpendReportTest" name="testReport" time="9.562">
    <error message="Unable to make field private static final int java.lang.Class.ANNOTATION accessible: module java.base does not &quot;opens java.lang&quot; to unnamed module @6842775d" type="java.lang.reflect.InaccessibleObjectException">java.lang.reflect.InaccessibleObjectException: Unable to make field private static final int java.lang.Class.ANNOTATION accessible: module java.base does not &quot;opens java.lang&quot; to unnamed module @6842775d
	at java.base/java.lang.reflect.AccessibleObject.checkCanSetAccessible(AccessibleObject.java:354)
	at java.base/java.lang.reflect.AccessibleObject.checkCanSetAccessible(AccessibleObject.java:297)
	at java.base/java.lang.reflect.Field.checkCanSetAccessible(Field.java:180)
	at java.base/java.lang.reflect.Field.setAccessible(Field.java:174)
	at org.apache.flink.api.java.ClosureCleaner.clean(ClosureCleaner.java:106)
	at org.apache.flink.api.java.ClosureCleaner.clean(ClosureCleaner.java:132)
	at org.apache.flink.api.java.ClosureCleaner.clean(ClosureCleaner.java:132)
	at org.apache.flink.api.java.ClosureCleaner.clean(ClosureCleaner.java:69)
	at org.apache.flink.streaming.api.environment.StreamExecutionEnvironment.clean(StreamExecutionEnvironment.java:2194)
	at org.apache.flink.streaming.api.environment.StreamExecutionEnvironment.addSource(StreamExecutionEnvironment.java:1871)
	at org.apache.flink.streaming.api.environment.StreamExecutionEnvironment.addSource(StreamExecutionEnvironment.java:1854)
	at org.apache.flink.streaming.api.environment.StreamExecutionEnvironment.createInput(StreamExecutionEnvironment.java:1753)
	at org.apache.flink.streaming.api.environment.StreamExecutionEnvironment.createInput(StreamExecutionEnvironment.java:1743)
	at org.apache.flink.table.planner.plan.nodes.exec.common.CommonExecValues.translateToPlanInternal(CommonExecValues.java:73)
	at org.apache.flink.table.planner.plan.nodes.exec.batch.BatchExecValues.translateToPlanInternal(BatchExecValues.java:57)
	at org.apache.flink.table.planner.plan.nodes.exec.ExecNodeBase.translateToPlan(ExecNodeBase.java:158)
	at org.apache.flink.table.planner.plan.nodes.exec.ExecEdge.translateToPlan(ExecEdge.java:249)
	at org.apache.flink.table.planner.plan.nodes.exec.common.CommonExecCalc.translateToPlanInternal(CommonExecCalc.java:94)
	at org.apache.flink.table.planner.plan.nodes.exec.ExecNodeBase.translateToPlan(ExecNodeBase.java:158)
	at org.apache.flink.table.planner.plan.nodes.exec.ExecEdge.translateToPlan(ExecEdge.java:249)
	at org.apache.flink.table.planner.plan.nodes.exec.common.CommonExecUnion.translateToPlanInternal(CommonExecUnion.java:61)
	at org.apache.flink.table.planner.plan.nodes.exec.ExecNodeBase.translateToPlan(ExecNodeBase.java:158)
	at org.apache.flink.table.planner.plan.nodes.exec.ExecEdge.translateToPlan(ExecEdge.java:249)
	at org.apache.flink.table.planner.plan.nodes.exec.batch.BatchExecExchange.translateToPlanInternal(BatchExecExchange.java:136)
	at org.apache.flink.table.planner.plan.nodes.exec.ExecNodeBase.translateToPlan(ExecNodeBase.java:158)
	at org.apache.flink.table.planner.plan.nodes.exec.ExecEdge.translateToPlan(ExecEdge.java:249)
	at org.apache.flink.table.planner.plan.nodes.exec.batch.BatchExecSort.translateToPlanInternal(BatchExecSort.java:72)
	at org.apache.flink.table.planner.plan.nodes.exec.ExecNodeBase.translateToPlan(ExecNodeBase.java:158)
	at org.apache.flink.table.planner.plan.nodes.exec.ExecEdge.translateToPlan(ExecEdge.java:249)
	at org.apache.flink.table.planner.plan.nodes.exec.batch.BatchExecSortWindowAggregate.translateToPlanInternal(BatchExecSortWindowAggregate.java:112)
	at org.apache.flink.table.planner.plan.nodes.exec.ExecNodeBase.translateToPlan(ExecNodeBase.java:158)
	at org.apache.flink.table.planner.plan.nodes.exec.ExecEdge.translateToPlan(ExecEdge.java:249)
	at org.apache.flink.table.planner.plan.nodes.exec.common.CommonExecCalc.translateToPlanInternal(CommonExecCalc.java:94)
	at org.apache.flink.table.planner.plan.nodes.exec.ExecNodeBase.translateToPlan(ExecNodeBase.java:158)
	at org.apache.flink.table.planner.plan.nodes.exec.ExecEdge.translateToPlan(ExecEdge.java:249)
	at org.apache.flink.table.planner.plan.nodes.exec.batch.BatchExecSink.translateToPlanInternal(BatchExecSink.java:65)
	at org.apache.flink.table.planner.plan.nodes.exec.ExecNodeBase.translateToPlan(ExecNodeBase.java:158)
	at org.apache.flink.table.planner.delegation.BatchPlanner.$anonfun$translateToPlan$1(BatchPlanner.scala:86)
	at scala.collection.TraversableLike.$anonfun$map$1(TraversableLike.scala:233)
	at scala.collection.Iterator.foreach(Iterator.scala:937)
	at scala.collection.Iterator.foreach$(Iterator.scala:937)
	at scala.collection.AbstractIterator.foreach(Iterator.scala:1425)
	at scala.collection.IterableLike.foreach(IterableLike.scala:70)
	at scala.collection.IterableLike.foreach$(IterableLike.scala:69)
	at scala.collection.AbstractIterable.foreach(Iterable.scala:54)
	at scala.collection.TraversableLike.map(TraversableLike.scala:233)
	at scala.collection.TraversableLike.map$(TraversableLike.scala:226)
	at scala.collection.AbstractTraversable.map(Traversable.scala:104)
	at org.apache.flink.table.planner.delegation.BatchPlanner.translateToPlan(BatchPlanner.scala:85)
	at org.apache.flink.table.planner.delegation.PlannerBase.translate(PlannerBase.scala:188)
	at org.apache.flink.table.api.internal.TableEnvironmentImpl.translate(TableEnvironmentImpl.java:1656)
	at org.apache.flink.table.api.internal.TableEnvironmentImpl.executeQueryOperation(TableEnvironmentImpl.java:828)
	at org.apache.flink.table.api.internal.TableEnvironmentImpl.executeInternal(TableEnvironmentImpl.java:1317)
	at org.apache.flink.table.api.internal.TableImpl.execute(TableImpl.java:605)
	at org.apache.flink.playgrounds.spendreport.SpendReportTest.testReport(SpendReportTest.java:72)
	at java.base/jdk.internal.reflect.DirectMethodHandleAccessor.invoke(DirectMethodHandleAccessor.java:104)
	at java.base/java.lang.reflect.Method.invoke(Method.java:577)
	at org.junit.runners.model.FrameworkMethod$1.runReflectiveCall(FrameworkMethod.java:50)
	at org.junit.internal.runners.model.ReflectiveCallable.run(ReflectiveCallable.java:12)
	at org.junit.runners.model.FrameworkMethod.invokeExplosively(FrameworkMethod.java:47)
	at org.junit.internal.runners.statements.InvokeMethod.evaluate(InvokeMethod.java:17)
	at org.junit.runners.ParentRunner.runLeaf(ParentRunner.java:325)
	at org.junit.runners.BlockJUnit4ClassRunner.runChild(BlockJUnit4ClassRunner.java:78)
	at org.junit.runners.BlockJUnit4ClassRunner.runChild(BlockJUnit4ClassRunner.java:57)
	at org.junit.runners.ParentRunner$3.run(ParentRunner.java:290)
	at org.junit.runners.ParentRunner$1.schedule(ParentRunner.java:71)
	at org.junit.runners.ParentRunner.runChildren(ParentRunner.java:288)
	at org.junit.runners.ParentRunner.access$000(ParentRunner.java:58)
	at org.junit.runners.ParentRunner$2.evaluate(ParentRunner.java:268)
	at org.junit.runners.ParentRunner.run(ParentRunner.java:363)
	at org.apache.maven.surefire.junit4.JUnit4Provider.execute(JUnit4Provider.java:252)
	at org.apache.maven.surefire.junit4.JUnit4Provider.executeTestSet(JUnit4Provider.java:141)
	at org.apache.maven.surefire.junit4.JUnit4Provider.invoke(JUnit4Provider.java:112)
	at java.base/jdk.internal.reflect.DirectMethodHandleAccessor.invoke(DirectMethodHandleAccessor.java:104)
	at java.base/java.lang.reflect.Method.invoke(Method.java:577)
	at org.apache.maven.surefire.util.ReflectionUtils.invokeMethodWithArray(ReflectionUtils.java:189)
	at org.apache.maven.surefire.booter.ProviderFactory$ProviderProxy.invoke(ProviderFactory.java:165)
	at org.apache.maven.surefire.booter.ProviderFactory.invokeProvider(ProviderFactory.java:85)
	at org.apache.maven.surefire.booter.ForkedBooter.runSuitesInProcess(ForkedBooter.java:115)
	at org.apache.maven.surefire.booter.ForkedBooter.main(ForkedBooter.java:75)
</error>
  </testcase>
</testsuite>